#
# There is insufficient memory for the Java Runtime Environment to continue.
# Native memory allocation (malloc) failed to allocate 982096 bytes for Chunk::new
# Possible reasons:
#   The system is out of physical RAM or swap space
#   The process is running with CompressedOops enabled, and the Java Heap may be blocking the growth of the native heap
# Possible solutions:
#   Reduce memory load on the system
#   Increase physical memory or swap space
#   Check if swap backing store is full
#   Decrease Java heap size (-Xmx/-Xms)
#   Decrease number of Java threads
#   Decrease Java thread stack sizes (-Xss)
#   Set larger code cache with -XX:ReservedCodeCacheSize=
#   JVM is running with Zero Based Compressed Oops mode in which the Java heap is
#     placed in the first 32GB address space. The Java Heap base address is the
#     maximum limit for the native heap growth. Please use -XX:HeapBaseMinAddress
#     to set the Java Heap base and to place the Java Heap above 32GB virtual address.
# This output file may be truncated or incomplete.
#
#  Out of Memory Error (allocation.cpp:389), pid=4620, tid=0x00000000000022bc
#
# JRE version: Java(TM) SE Runtime Environment (8.0_202-b08) (build 1.8.0_202-b08)
# Java VM: Java HotSpot(TM) 64-Bit Server VM (25.202-b08 mixed mode windows-amd64 compressed oops)
# Failed to write core dump. Minidumps are not enabled by default on client versions of Windows
#

---------------  T H R E A D  ---------------

Current thread (0x000000001ef1d800):  JavaThread "C2 CompilerThread2" daemon [_thread_in_native, id=8892, stack(0x000000001f9b0000,0x000000001fab0000)]

Stack: [0x000000001f9b0000,0x000000001fab0000]
[error occurred during error reporting (printing stack bounds), id 0xc0000005]

Native frames: (J=compiled Java code, j=interpreted, Vv=VM code, C=native code)


Current CompileTask:
C2:   8168 4695   !   4       org.springframework.core.annotation.AnnotationsScanner::processMethodHierarchy (276 bytes)


---------------  P R O C E S S  ---------------

Java Threads: ( => current thread )
  0x0000000020938000 JavaThread "HikariPool-1 connection adder" daemon [_thread_blocked, id=16244, stack(0x0000000027840000,0x0000000027940000)]
  0x0000000020939800 JavaThread "HikariPool-1 housekeeper" daemon [_thread_blocked, id=324, stack(0x0000000024390000,0x0000000024490000)]
  0x0000000023f67000 JavaThread "InterruptTimer" daemon [_thread_blocked, id=11380, stack(0x0000000027540000,0x0000000027640000)]
  0x0000000023f67800 JavaThread "oracle.jdbc.driver.BlockSource.ThreadedCachingBlockSource.BlockReleaser" daemon [_thread_blocked, id=11492, stack(0x0000000025890000,0x0000000025990000)]
  0x0000000023f69000 JavaThread "Timer-0" daemon [_thread_blocked, id=13284, stack(0x0000000024710000,0x0000000024810000)]
  0x000000002240a000 JavaThread "container-0" [_thread_blocked, id=11392, stack(0x0000000022e80000,0x0000000022f80000)]
  0x0000000025162000 JavaThread "Catalina-utility-2" [_thread_blocked, id=9512, stack(0x0000000022770000,0x0000000022870000)]
  0x0000000021b1f800 JavaThread "Catalina-utility-1" [_thread_blocked, id=1880, stack(0x00000000214a0000,0x00000000215a0000)]
  0x00000000206b3800 JavaThread "restartedMain" [_thread_in_Java, id=3912, stack(0x0000000020fa0000,0x00000000210a0000)]
  0x00000000206d1000 JavaThread "Thread-0" [_thread_blocked, id=15936, stack(0x0000000020ea0000,0x0000000020fa0000)]
  0x000000001ef86800 JavaThread "Service Thread" daemon [_thread_blocked, id=6324, stack(0x000000001fbf0000,0x000000001fcf0000)]
  0x000000001ef1f800 JavaThread "C1 CompilerThread3" daemon [_thread_blocked, id=17580, stack(0x000000001fab0000,0x000000001fbb0000)]
=>0x000000001ef1d800 JavaThread "C2 CompilerThread2" daemon [_thread_in_native, id=8892, stack(0x000000001f9b0000,0x000000001fab0000)]
  0x000000001ef13000 JavaThread "C2 CompilerThread1" daemon [_thread_in_native, id=10528, stack(0x000000001f8b0000,0x000000001f9b0000)]
  0x000000001eefa800 JavaThread "C2 CompilerThread0" daemon [_thread_in_native, id=15196, stack(0x000000001f7b0000,0x000000001f8b0000)]
  0x000000001ef0e800 JavaThread "Monitor Ctrl-Break" daemon [_thread_in_native, id=16196, stack(0x000000001f6b0000,0x000000001f7b0000)]
  0x000000001e748800 JavaThread "Attach Listener" daemon [_thread_blocked, id=17512, stack(0x000000001edb0000,0x000000001eeb0000)]
  0x000000001e6f5800 JavaThread "Signal Dispatcher" daemon [_thread_blocked, id=14940, stack(0x000000001ecb0000,0x000000001edb0000)]
  0x000000001e6d1800 JavaThread "Finalizer" daemon [_thread_blocked, id=18312, stack(0x000000001ebb0000,0x000000001ecb0000)]
  0x000000001e6d0800 JavaThread "Reference Handler" daemon [_thread_blocked, id=17424, stack(0x000000001eab0000,0x000000001ebb0000)]
  0x0000000002c49000 JavaThread "main" [_thread_blocked, id=13928, stack(0x0000000002a80000,0x0000000002b80000)]

Other Threads:
  0x0000000002d3e800 VMThread [stack: 0x000000001e5b0000,0x000000001e6b0000] [id=8252]
  0x000000001ef8e800 WatcherThread [stack: 0x000000001fcf0000,0x000000001fdf0000] [id=6584]

VM state:not at safepoint (normal execution)

VM Mutex/Monitor currently owned by a thread: None

heap address: 0x00000006c2400000, size: 4060 MB, Compressed Oops mode: Zero based, Oop shift amount: 3
Narrow klass base: 0x0000000000000000, Narrow klass shift: 3
Compressed class space size: 1073741824 Address: 0x00000007c0000000

Heap:
 PSYoungGen      total 140800K, used 23246K [0x000000076b700000, 0x0000000774b00000, 0x00000007c0000000)
  eden space 130048K, 17% used [0x000000076b700000,0x000000076cdb3ae8,0x0000000773600000)
  from space 10752K, 0% used [0x0000000773600000,0x0000000773600000,0x0000000774080000)
  to   space 10752K, 0% used [0x0000000774080000,0x0000000774080000,0x0000000774b00000)
 ParOldGen       total 99328K, used 18449K [0x00000006c2400000, 0x00000006c8500000, 0x000000076b700000)
  object space 99328K, 18% used [0x00000006c2400000,0x00000006c3604550,0x00000006c8500000)
 Metaspace       used 58037K, capacity 60686K, committed 60928K, reserved 1101824K
  class space    used 7945K, capacity 8434K, committed 8448K, reserved 1048576K

Card table byte_map: [0x00000000122d0000,0x0000000012ac0000] byte_map_base: 0x000000000ecbe000

Marking Bits: (ParMarkBitMap*) 0x000000005c2f5ce0
 Begin Bits: [0x0000000013810000, 0x0000000017780000)
 End Bits:   [0x0000000017780000, 0x000000001b6f0000)

Polling page: 0x0000000002b80000

CodeCache: size=245760Kb used=14722Kb max_used=14742Kb free=231037Kb
 bounds [0x0000000002f10000, 0x0000000003d90000, 0x0000000011f10000]
 total_blobs=4812 nmethods=4261 adapters=462
 compilation: enabled

Compilation events (10 events):
Event: 8.138 Thread 0x000000001ef1f800 4717       3       org.springframework.core.convert.support.GenericConversionService$ConvertersForPair::<init> (5 bytes)
Event: 8.138 Thread 0x000000001ef1f800 nmethod 4717 0x0000000003d76d90 code [0x0000000003d76f20, 0x0000000003d77430]
Event: 8.138 Thread 0x000000001ef1f800 4718       3       org.springframework.core.convert.support.GenericConversionService$ConvertersForPair::<init> (16 bytes)
Event: 8.139 Thread 0x000000001ef1f800 nmethod 4718 0x0000000003d550d0 code [0x0000000003d55260, 0x0000000003d55710]
Event: 8.139 Thread 0x000000001ef1f800 4719       3       java.util.concurrent.ConcurrentLinkedDeque::<init> (22 bytes)
Event: 8.139 Thread 0x000000001ef1f800 nmethod 4719 0x0000000003d673d0 code [0x0000000003d67540, 0x0000000003d678d0]
Event: 8.147 Thread 0x000000001ef1f800 4720       3       org.springframework.core.ResolvableType::equals (157 bytes)
Event: 8.148 Thread 0x000000001ef1f800 nmethod 4720 0x0000000003d77710 code [0x0000000003d77920, 0x0000000003d783b8]
Event: 8.163 Thread 0x000000001ef13000 nmethod 4704 0x0000000003d7d590 code [0x0000000003d7d9e0, 0x0000000003d7fc90]
Event: 8.163 Thread 0x000000001ef13000 4709       4       org.springframework.beans.factory.support.AbstractBeanFactory::isTypeMatch (607 bytes)

GC Heap History (10 events):
Event: 4.807 GC heap before
{Heap before GC invocations=8 (full 2):
 PSYoungGen      total 140800K, used 9593K [0x000000076b700000, 0x0000000774b00000, 0x00000007c0000000)
  eden space 130048K, 0% used [0x000000076b700000,0x000000076b700000,0x0000000773600000)
  from space 10752K, 89% used [0x0000000774080000,0x00000007749de4e0,0x0000000774b00000)
  to   space 10752K, 0% used [0x0000000773600000,0x0000000773600000,0x0000000774080000)
 ParOldGen       total 99328K, used 8662K [0x00000006c2400000, 0x00000006c8500000, 0x000000076b700000)
  object space 99328K, 8% used [0x00000006c2400000,0x00000006c2c758c8,0x00000006c8500000)
 Metaspace       used 33242K, capacity 35380K, committed 35496K, reserved 1079296K
  class space    used 4380K, capacity 4780K, committed 4864K, reserved 1048576K
Event: 4.851 GC heap after
Heap after GC invocations=8 (full 2):
 PSYoungGen      total 140800K, used 0K [0x000000076b700000, 0x0000000774b00000, 0x00000007c0000000)
  eden space 130048K, 0% used [0x000000076b700000,0x000000076b700000,0x0000000773600000)
  from space 10752K, 0% used [0x0000000774080000,0x0000000774080000,0x0000000774b00000)
  to   space 10752K, 0% used [0x0000000773600000,0x0000000773600000,0x0000000774080000)
 ParOldGen       total 99328K, used 14944K [0x00000006c2400000, 0x00000006c8500000, 0x000000076b700000)
  object space 99328K, 15% used [0x00000006c2400000,0x00000006c3298060,0x00000006c8500000)
 Metaspace       used 33242K, capacity 35380K, committed 35496K, reserved 1079296K
  class space    used 4380K, capacity 4780K, committed 4864K, reserved 1048576K
}
Event: 6.318 GC heap before
{Heap before GC invocations=9 (full 2):
 PSYoungGen      total 140800K, used 130048K [0x000000076b700000, 0x0000000774b00000, 0x00000007c0000000)
  eden space 130048K, 100% used [0x000000076b700000,0x0000000773600000,0x0000000773600000)
  from space 10752K, 0% used [0x0000000774080000,0x0000000774080000,0x0000000774b00000)
  to   space 10752K, 0% used [0x0000000773600000,0x0000000773600000,0x0000000774080000)
 ParOldGen       total 99328K, used 14944K [0x00000006c2400000, 0x00000006c8500000, 0x000000076b700000)
  object space 99328K, 15% used [0x00000006c2400000,0x00000006c3298060,0x00000006c8500000)
 Metaspace       used 43880K, capacity 46176K, committed 46592K, reserved 1089536K
  class space    used 5643K, capacity 6100K, committed 6144K, reserved 1048576K
Event: 6.324 GC heap after
Heap after GC invocations=9 (full 2):
 PSYoungGen      total 140800K, used 10500K [0x000000076b700000, 0x0000000774b00000, 0x00000007c0000000)
  eden space 130048K, 0% used [0x000000076b700000,0x000000076b700000,0x0000000773600000)
  from space 10752K, 97% used [0x0000000773600000,0x0000000774041308,0x0000000774080000)
  to   space 10752K, 0% used [0x0000000774080000,0x0000000774080000,0x0000000774b00000)
 ParOldGen       total 99328K, used 15048K [0x00000006c2400000, 0x00000006c8500000, 0x000000076b700000)
  object space 99328K, 15% used [0x00000006c2400000,0x00000006c32b2080,0x00000006c8500000)
 Metaspace       used 43880K, capacity 46176K, committed 46592K, reserved 1089536K
  class space    used 5643K, capacity 6100K, committed 6144K, reserved 1048576K
}
Event: 7.773 GC heap before
{Heap before GC invocations=10 (full 2):
 PSYoungGen      total 140800K, used 140548K [0x000000076b700000, 0x0000000774b00000, 0x00000007c0000000)
  eden space 130048K, 100% used [0x000000076b700000,0x0000000773600000,0x0000000773600000)
  from space 10752K, 97% used [0x0000000773600000,0x0000000774041308,0x0000000774080000)
  to   space 10752K, 0% used [0x0000000774080000,0x0000000774080000,0x0000000774b00000)
 ParOldGen       total 99328K, used 15048K [0x00000006c2400000, 0x00000006c8500000, 0x000000076b700000)
  object space 99328K, 15% used [0x00000006c2400000,0x00000006c32b2080,0x00000006c8500000)
 Metaspace       used 56329K, capacity 58866K, committed 59136K, reserved 1099776K
  class space    used 7680K, capacity 8156K, committed 8192K, reserved 1048576K
Event: 7.788 GC heap after
Heap after GC invocations=10 (full 2):
 PSYoungGen      total 140800K, used 10727K [0x000000076b700000, 0x0000000774b00000, 0x00000007c0000000)
  eden space 130048K, 0% used [0x000000076b700000,0x000000076b700000,0x0000000773600000)
  from space 10752K, 99% used [0x0000000774080000,0x0000000774af9d38,0x0000000774b00000)
  to   space 10752K, 0% used [0x0000000773600000,0x0000000773600000,0x0000000774080000)
 ParOldGen       total 99328K, used 21378K [0x00000006c2400000, 0x00000006c8500000, 0x000000076b700000)
  object space 99328K, 21% used [0x00000006c2400000,0x00000006c38e0830,0x00000006c8500000)
 Metaspace       used 56329K, capacity 58866K, committed 59136K, reserved 1099776K
  class space    used 7680K, capacity 8156K, committed 8192K, reserved 1048576K
}
Event: 7.812 GC heap before
{Heap before GC invocations=11 (full 2):
 PSYoungGen      total 140800K, used 13051K [0x000000076b700000, 0x0000000774b00000, 0x00000007c0000000)
  eden space 130048K, 1% used [0x000000076b700000,0x000000076b945298,0x0000000773600000)
  from space 10752K, 99% used [0x0000000774080000,0x0000000774af9d38,0x0000000774b00000)
  to   space 10752K, 0% used [0x0000000773600000,0x0000000773600000,0x0000000774080000)
 ParOldGen       total 99328K, used 21378K [0x00000006c2400000, 0x00000006c8500000, 0x000000076b700000)
  object space 99328K, 21% used [0x00000006c2400000,0x00000006c38e0830,0x00000006c8500000)
 Metaspace       used 56515K, capacity 59030K, committed 59136K, reserved 1099776K
  class space    used 7708K, capacity 8190K, committed 8192K, reserved 1048576K
Event: 7.817 GC heap after
Heap after GC invocations=11 (full 2):
 PSYoungGen      total 140800K, used 7368K [0x000000076b700000, 0x0000000774b00000, 0x00000007c0000000)
  eden space 130048K, 0% used [0x000000076b700000,0x000000076b700000,0x0000000773600000)
  from space 10752K, 68% used [0x0000000773600000,0x0000000773d321c0,0x0000000774080000)
  to   space 10752K, 0% used [0x0000000774080000,0x0000000774080000,0x0000000774b00000)
 ParOldGen       total 99328K, used 21386K [0x00000006c2400000, 0x00000006c8500000, 0x000000076b700000)
  object space 99328K, 21% used [0x00000006c2400000,0x00000006c38e2830,0x00000006c8500000)
 Metaspace       used 56515K, capacity 59030K, committed 59136K, reserved 1099776K
  class space    used 7708K, capacity 8190K, committed 8192K, reserved 1048576K
}
Event: 7.817 GC heap before
{Heap before GC invocations=12 (full 3):
 PSYoungGen      total 140800K, used 7368K [0x000000076b700000, 0x0000000774b00000, 0x00000007c0000000)
  eden space 130048K, 0% used [0x000000076b700000,0x000000076b700000,0x0000000773600000)
  from space 10752K, 68% used [0x0000000773600000,0x0000000773d321c0,0x0000000774080000)
  to   space 10752K, 0% used [0x0000000774080000,0x0000000774080000,0x0000000774b00000)
 ParOldGen       total 99328K, used 21386K [0x00000006c2400000, 0x00000006c8500000, 0x000000076b700000)
  object space 99328K, 21% used [0x00000006c2400000,0x00000006c38e2830,0x00000006c8500000)
 Metaspace       used 56515K, capacity 59030K, committed 59136K, reserved 1099776K
  class space    used 7708K, capacity 8190K, committed 8192K, reserved 1048576K
Event: 7.945 GC heap after
Heap after GC invocations=12 (full 3):
 PSYoungGen      total 140800K, used 0K [0x000000076b700000, 0x0000000774b00000, 0x00000007c0000000)
  eden space 130048K, 0% used [0x000000076b700000,0x000000076b700000,0x0000000773600000)
  from space 10752K, 0% used [0x0000000773600000,0x0000000773600000,0x0000000774080000)
  to   space 10752K, 0% used [0x0000000774080000,0x0000000774080000,0x0000000774b00000)
 ParOldGen       total 99328K, used 18449K [0x00000006c2400000, 0x00000006c8500000, 0x000000076b700000)
  object space 99328K, 18% used [0x00000006c2400000,0x00000006c3604550,0x00000006c8500000)
 Metaspace       used 56515K, capacity 59030K, committed 59136K, reserved 1099776K
  class space    used 7708K, capacity 8190K, committed 8192K, reserved 1048576K
}

Deoptimization events (10 events):
Event: 8.039 Thread 0x00000000206b3800 Uncommon trap: reason=class_check action=maybe_recompile pc=0x0000000003a21bc8 method=org.springframework.beans.factory.support.AbstractBeanFactory.isTypeMatch(Ljava/lang/String;Lorg/springframework/core/ResolvableType;Z)Z @ 53
Event: 8.040 Thread 0x00000000206b3800 Uncommon trap: reason=class_check action=maybe_recompile pc=0x0000000003a21bc8 method=org.springframework.beans.factory.support.AbstractBeanFactory.isTypeMatch(Ljava/lang/String;Lorg/springframework/core/ResolvableType;Z)Z @ 53
Event: 8.093 Thread 0x00000000206b3800 Uncommon trap: reason=class_check action=maybe_recompile pc=0x00000000038710d4 method=sun.reflect.generics.reflectiveObjects.TypeVariableImpl.hashCode()I @ 4
Event: 8.093 Thread 0x00000000206b3800 Uncommon trap: reason=class_check action=maybe_recompile pc=0x00000000038710d4 method=sun.reflect.generics.reflectiveObjects.TypeVariableImpl.hashCode()I @ 4
Event: 8.093 Thread 0x00000000206b3800 Uncommon trap: reason=class_check action=maybe_recompile pc=0x00000000038710d4 method=sun.reflect.generics.reflectiveObjects.TypeVariableImpl.hashCode()I @ 4
Event: 8.093 Thread 0x00000000206b3800 Uncommon trap: reason=class_check action=maybe_recompile pc=0x00000000038710d4 method=sun.reflect.generics.reflectiveObjects.TypeVariableImpl.hashCode()I @ 4
Event: 8.106 Thread 0x00000000206b3800 Uncommon trap: reason=class_check action=maybe_recompile pc=0x0000000003a21bc8 method=org.springframework.beans.factory.support.AbstractBeanFactory.isTypeMatch(Ljava/lang/String;Lorg/springframework/core/ResolvableType;Z)Z @ 53
Event: 8.129 Thread 0x00000000206b3800 Uncommon trap: reason=class_check action=maybe_recompile pc=0x0000000003806378 method=org.springframework.core.ResolvableType.resolveType()Lorg/springframework/core/ResolvableType; @ 101
Event: 8.129 Thread 0x00000000206b3800 Uncommon trap: reason=class_check action=maybe_recompile pc=0x0000000003806378 method=org.springframework.core.ResolvableType.resolveType()Lorg/springframework/core/ResolvableType; @ 101
Event: 8.129 Thread 0x00000000206b3800 Uncommon trap: reason=unstable_if action=reinterpret pc=0x0000000003936ee8 method=org.springframework.core.ResolvableType.equals(Ljava/lang/Object;)Z @ 32

Classes redefined (0 events):
No events

Internal exceptions (10 events):
Event: 8.033 Thread 0x00000000206b3800 Exception <a 'java/lang/ClassNotFoundException': org/springframework/beans/factory/BeanFactoryAwareCustomizer> (0x000000076c2255c8) thrown at [C:\re\workspace\8-2-build-windows-amd64-cygwin\jdk8u202\12323\hotspot\src\share\vm\classfile\systemDictionary.cp
Event: 8.034 Thread 0x00000000206b3800 Exception <a 'java/lang/ClassNotFoundException': org/springframework/beans/factory/AwareCustomizer> (0x000000076c241ac0) thrown at [C:\re\workspace\8-2-build-windows-amd64-cygwin\jdk8u202\12323\hotspot\src\share\vm\classfile\systemDictionary.cpp, line 210
Event: 8.034 Thread 0x00000000206b3800 Exception <a 'java/lang/ClassNotFoundException': org/springframework/context/ApplicationEventPublisherAwareCustomizer> (0x000000076c272448) thrown at [C:\re\workspace\8-2-build-windows-amd64-cygwin\jdk8u202\12323\hotspot\src\share\vm\classfile\systemDicti
Event: 8.037 Thread 0x00000000206b3800 Exception <a 'java/lang/ClassNotFoundException': org/springframework/beans/factory/AwareCustomizer> (0x000000076c28eae8) thrown at [C:\re\workspace\8-2-build-windows-amd64-cygwin\jdk8u202\12323\hotspot\src\share\vm\classfile\systemDictionary.cpp, line 210
Event: 8.044 Thread 0x00000000206b3800 Exception <a 'java/lang/ClassNotFoundException': java/lang/ObjectCustomizer> (0x000000076c2dfad8) thrown at [C:\re\workspace\8-2-build-windows-amd64-cygwin\jdk8u202\12323\hotspot\src\share\vm\classfile\systemDictionary.cpp, line 210]
Event: 8.045 Thread 0x00000000206b3800 Exception <a 'java/lang/ClassNotFoundException': org/springframework/core/io/support/PropertiesLoaderSupportCustomizer> (0x000000076c304da0) thrown at [C:\re\workspace\8-2-build-windows-amd64-cygwin\jdk8u202\12323\hotspot\src\share\vm\classfile\systemDict
Event: 8.046 Thread 0x00000000206b3800 Exception <a 'java/lang/ClassNotFoundException': org/springframework/beans/factory/config/PropertiesFactoryBeanCustomizer> (0x000000076c330b98) thrown at [C:\re\workspace\8-2-build-windows-amd64-cygwin\jdk8u202\12323\hotspot\src\share\vm\classfile\systemD
Event: 8.048 Thread 0x00000000206b3800 Exception <a 'java/lang/ClassNotFoundException': org/springframework/beans/factory/FactoryBeanCustomizer> (0x000000076c363f78) thrown at [C:\re\workspace\8-2-build-windows-amd64-cygwin\jdk8u202\12323\hotspot\src\share\vm\classfile\systemDictionary.cpp, li
Event: 8.048 Thread 0x00000000206b3800 Exception <a 'java/lang/ClassNotFoundException': org/springframework/beans/factory/InitializingBeanCustomizer> (0x000000076c386170) thrown at [C:\re\workspace\8-2-build-windows-amd64-cygwin\jdk8u202\12323\hotspot\src\share\vm\classfile\systemDictionary.cp
Event: 8.107 Thread 0x00000000206b3800 Exception <a 'java/lang/NoSuchMethodError': java.lang.Object.lambda$static$0(Ljava/lang/Object;)Lorg/springframework/expression/EvaluationContext;> (0x000000076c88de48) thrown at [C:\re\workspace\8-2-build-windows-amd64-cygwin\jdk8u202\12323\hotspot\src\s

Events (10 events):
Event: 8.151 loading class org/springframework/orm/jpa/JpaOptimisticLockingFailureException
Event: 8.151 loading class org/springframework/orm/jpa/JpaOptimisticLockingFailureException done
Event: 8.152 loading class org/hibernate/internal/SessionImpl
Event: 8.152 loading class org/hibernate/internal/SessionImpl done
Event: 8.154 loading class org/hibernate/event/spi/EventSource
Event: 8.154 loading class org/hibernate/event/spi/EventSource done
Event: 8.158 loading class org/hibernate/internal/AbstractSessionImpl
Event: 8.158 loading class org/hibernate/internal/AbstractSessionImpl done
Event: 8.159 loading class org/hibernate/internal/AbstractSharedSessionContract
Event: 8.159 loading class org/hibernate/internal/AbstractSharedSessionContract done


Dynamic libraries:
0x00007ff714550000 - 0x00007ff714587000 	C:\Program Files\Java\jdk1.8.0_202\bin\java.exe
0x00007ffa2a5b0000 - 0x00007ffa2a7a5000 	C:\WINDOWS\SYSTEM32\ntdll.dll
0x00007ffa29c00000 - 0x00007ffa29cbe000 	C:\WINDOWS\System32\KERNEL32.DLL
0x00007ffa27d20000 - 0x00007ffa27fe8000 	C:\WINDOWS\System32\KERNELBASE.dll
0x00007ffa28820000 - 0x00007ffa288ce000 	C:\WINDOWS\System32\ADVAPI32.dll
0x00007ffa293d0000 - 0x00007ffa2946e000 	C:\WINDOWS\System32\msvcrt.dll
0x00007ffa28720000 - 0x00007ffa287bc000 	C:\WINDOWS\System32\sechost.dll
0x00007ffa28a00000 - 0x00007ffa28b25000 	C:\WINDOWS\System32\RPCRT4.dll
0x00007ffa29470000 - 0x00007ffa29611000 	C:\WINDOWS\System32\USER32.dll
0x00007ffa28500000 - 0x00007ffa28522000 	C:\WINDOWS\System32\win32u.dll
0x00007ffa29cc0000 - 0x00007ffa29ceb000 	C:\WINDOWS\System32\GDI32.dll
0x00007ffa280a0000 - 0x00007ffa281ad000 	C:\WINDOWS\System32\gdi32full.dll
0x00007ffa28410000 - 0x00007ffa284ad000 	C:\WINDOWS\System32\msvcp_win.dll
0x00007ffa28310000 - 0x00007ffa28410000 	C:\WINDOWS\System32\ucrtbase.dll
0x00007ffa0cb40000 - 0x00007ffa0cdda000 	C:\WINDOWS\WinSxS\amd64_microsoft.windows.common-controls_6595b64144ccf1df_6.0.19041.1110_none_60b5254171f9507e\COMCTL32.dll
0x00007ffa293a0000 - 0x00007ffa293d0000 	C:\WINDOWS\System32\IMM32.DLL
0x000000005cba0000 - 0x000000005cc72000 	C:\Program Files\Java\jdk1.8.0_202\jre\bin\msvcr100.dll
0x000000005bad0000 - 0x000000005c375000 	C:\Program Files\Java\jdk1.8.0_202\jre\bin\server\jvm.dll
0x00007ffa285f0000 - 0x00007ffa285f8000 	C:\WINDOWS\System32\PSAPI.DLL
0x00007ffa20260000 - 0x00007ffa2026a000 	C:\WINDOWS\SYSTEM32\VERSION.dll
0x00007ffa0e400000 - 0x00007ffa0e409000 	C:\WINDOWS\SYSTEM32\WSOCK32.dll
0x00007ffa1bb60000 - 0x00007ffa1bb87000 	C:\WINDOWS\SYSTEM32\WINMM.dll
0x00007ffa28b30000 - 0x00007ffa28b9b000 	C:\WINDOWS\System32\WS2_32.dll
0x00007ffa06380000 - 0x00007ffa0638f000 	C:\Program Files\Java\jdk1.8.0_202\jre\bin\verify.dll
0x00007ff9f58c0000 - 0x00007ff9f58e9000 	C:\Program Files\Java\jdk1.8.0_202\jre\bin\java.dll
0x00007ff9fbc40000 - 0x00007ff9fbc63000 	C:\Program Files\Java\jdk1.8.0_202\jre\bin\instrument.dll
0x00007ffa014b0000 - 0x00007ffa014c6000 	C:\Program Files\Java\jdk1.8.0_202\jre\bin\zip.dll
0x00007ffa28c50000 - 0x00007ffa29394000 	C:\WINDOWS\System32\SHELL32.dll
0x00007ffa25cb0000 - 0x00007ffa26445000 	C:\WINDOWS\SYSTEM32\windows.storage.dll
0x00007ffa298a0000 - 0x00007ffa29bf5000 	C:\WINDOWS\System32\combase.dll
0x00007ffa27710000 - 0x00007ffa2773e000 	C:\WINDOWS\SYSTEM32\Wldp.dll
0x00007ffa28ba0000 - 0x00007ffa28c4d000 	C:\WINDOWS\System32\SHCORE.dll
0x00007ffa2a360000 - 0x00007ffa2a3b5000 	C:\WINDOWS\System32\shlwapi.dll
0x00007ffa27c00000 - 0x00007ffa27c1f000 	C:\WINDOWS\SYSTEM32\profapi.dll
0x00007ff9fb550000 - 0x00007ff9fb56a000 	C:\Program Files\JetBrains\IntelliJ IDEA Community Edition 2021.3.1\bin\breakgen64.dll
0x00007ff9ffe90000 - 0x00007ff9ffeaa000 	C:\Program Files\Java\jdk1.8.0_202\jre\bin\net.dll
0x00007ffa0c4d0000 - 0x00007ffa0c6bb000 	C:\WINDOWS\SYSTEM32\urlmon.dll
0x00007ffa0c0e0000 - 0x00007ffa0c390000 	C:\WINDOWS\SYSTEM32\iertutil.dll
0x00007ffa0c480000 - 0x00007ffa0c4a8000 	C:\WINDOWS\SYSTEM32\srvcli.dll
0x00007ffa27150000 - 0x00007ffa2715c000 	C:\WINDOWS\SYSTEM32\netutils.dll
0x00007ffa27470000 - 0x00007ffa274da000 	C:\WINDOWS\system32\mswsock.dll
0x00007ffa015f0000 - 0x00007ffa015fd000 	C:\Program Files\Java\jdk1.8.0_202\jre\bin\management.dll
0x00007ffa0e3a0000 - 0x00007ffa0e3b7000 	C:\WINDOWS\system32\napinsp.dll
0x00007ffa0c080000 - 0x00007ffa0c09b000 	C:\WINDOWS\system32\pnrpnsp.dll
0x00007ffa22b70000 - 0x00007ffa22b85000 	C:\WINDOWS\system32\wshbth.dll
0x00007ffa23770000 - 0x00007ffa2378d000 	C:\WINDOWS\system32\NLAapi.dll
0x00007ffa27110000 - 0x00007ffa2714b000 	C:\WINDOWS\SYSTEM32\IPHLPAPI.DLL
0x00007ffa27160000 - 0x00007ffa2722b000 	C:\WINDOWS\SYSTEM32\DNSAPI.dll
0x00007ffa29cf0000 - 0x00007ffa29cf8000 	C:\WINDOWS\System32\NSI.dll
0x00007ffa0c020000 - 0x00007ffa0c032000 	C:\WINDOWS\System32\winrnr.dll
0x00007ffa1f390000 - 0x00007ffa1f39a000 	C:\Windows\System32\rasadhlp.dll
0x00007ffa1cb10000 - 0x00007ffa1cb8f000 	C:\WINDOWS\System32\fwpuclnt.dll
0x00007ffa28530000 - 0x00007ffa28557000 	C:\WINDOWS\System32\bcrypt.dll
0x00007ff9fbae0000 - 0x00007ff9fbaf2000 	C:\Program Files\Java\jdk1.8.0_202\jre\bin\nio.dll
0x00007ffa27660000 - 0x00007ffa27678000 	C:\WINDOWS\SYSTEM32\CRYPTSP.dll
0x00007ffa26d80000 - 0x00007ffa26db4000 	C:\WINDOWS\system32\rsaenh.dll
0x00007ffa27bc0000 - 0x00007ffa27bee000 	C:\WINDOWS\SYSTEM32\USERENV.dll
0x00007ffa28560000 - 0x00007ffa285e2000 	C:\WINDOWS\System32\bcryptprimitives.dll
0x00007ffa27680000 - 0x00007ffa2768c000 	C:\WINDOWS\SYSTEM32\CRYPTBASE.dll
0x00007ffa203d0000 - 0x00007ffa203e7000 	C:\WINDOWS\SYSTEM32\dhcpcsvc6.DLL
0x00007ffa204d0000 - 0x00007ffa204ed000 	C:\WINDOWS\SYSTEM32\dhcpcsvc.DLL
0x00007ff9fb200000 - 0x00007ff9fb224000 	C:\Program Files\Java\jdk1.8.0_202\jre\bin\sunec.dll

VM Arguments:
jvm_args: -javaagent:C:\Program Files\JetBrains\IntelliJ IDEA Community Edition 2021.3.1\lib\idea_rt.jar=61629:C:\Program Files\JetBrains\IntelliJ IDEA Community Edition 2021.3.1\bin -Dfile.encoding=UTF-8 
java_command: com.example.project2.Project2Application
java_class_path (initial): C:\Program Files\Java\jdk1.8.0_202\jre\lib\charsets.jar;C:\Program Files\Java\jdk1.8.0_202\jre\lib\deploy.jar;C:\Program Files\Java\jdk1.8.0_202\jre\lib\ext\access-bridge-64.jar;C:\Program Files\Java\jdk1.8.0_202\jre\lib\ext\cldrdata.jar;C:\Program Files\Java\jdk1.8.0_202\jre\lib\ext\dnsns.jar;C:\Program Files\Java\jdk1.8.0_202\jre\lib\ext\jaccess.jar;C:\Program Files\Java\jdk1.8.0_202\jre\lib\ext\jfxrt.jar;C:\Program Files\Java\jdk1.8.0_202\jre\lib\ext\localedata.jar;C:\Program Files\Java\jdk1.8.0_202\jre\lib\ext\nashorn.jar;C:\Program Files\Java\jdk1.8.0_202\jre\lib\ext\sunec.jar;C:\Program Files\Java\jdk1.8.0_202\jre\lib\ext\sunjce_provider.jar;C:\Program Files\Java\jdk1.8.0_202\jre\lib\ext\sunmscapi.jar;C:\Program Files\Java\jdk1.8.0_202\jre\lib\ext\sunpkcs11.jar;C:\Program Files\Java\jdk1.8.0_202\jre\lib\ext\zipfs.jar;C:\Program Files\Java\jdk1.8.0_202\jre\lib\javaws.jar;C:\Program Files\Java\jdk1.8.0_202\jre\lib\jce.jar;C:\Program Files\Java\jdk1.8.0_202\jre\lib\jfr.jar;C:\Program Files\Java\jdk1.8.0_202\jre\lib\jfxswt.jar;C:\Program Files\Java\jdk1.8.0_202\jre\lib\jsse.jar;C:\Program Files\Java\jdk1.8.0_202\jre\lib\management-agent.jar;C:\Program Files\Java\jdk1.8.0_202\jre\lib\plugin.jar;C:\Program Files\Java\jdk1.8.0_202\jre\lib\resources.jar;C:\Program Files\Java\jdk1.8.0_202\jre\lib\rt.jar;D:\바탕화면\2차 프로젝트 수정중\project2 (02.09)\project2\out\production\classes;D:\바탕화면\2차 프로젝트 수정중\project2 (02.09)\project2\out\production\resources;C:\Users\wonseok\.gradle\caches\modules-2\files-2.1\org.springframework.boot\spring-boot-starter-data-jpa\2.6.2\3eb637ccd03194f1d639b9efed1ff7d73c8592e3\spring-boot-starter-data-jpa-2.6.2.jar;C:\Users\wonseok\.gradle\caches\modules-2\files-2.1\org.springframework.boot\spring-boot-starter-thymeleaf\2.6.2\fa6c963c2537e5c1c0ed84dd9528062dba30e1a\spring-boot-starter-thymeleaf-2.6.2.jar;C:\Users\wonseok\.gradle\caches\modules-2\files-2.1\org.springframework.boot\spring-boot-starter-val
Launcher Type: SUN_STANDARD

Environment Variables:
JAVA_HOME=C:\Program Files\Java\jdk1.8.0_202
PATH=C:\Program Files\Common Files\Oracle\Java\javapath;C:\oraclexe\app\oracle\product\11.2.0\server\bin;;C:\Program Files (x86)\Common Files\Oracle\Java\javapath;C:\oraclexe\app\oracle\product\11.2.0\server\bin;C:\Program Files (x86)\Intel\iCLS Client\;C:\Program Files\Intel\iCLS Client\;C:\WINDOWS\system32;C:\WINDOWS;C:\WINDOWS\System32\Wbem;C:\WINDOWS\System32\WindowsPowerShell\v1.0\;C:\WINDOWS\System32\OpenSSH\;C:\Program Files (x86)\Intel\Intel(R) Management Engine Components\DAL;C:\Program Files\Intel\Intel(R) Management Engine Components\DAL;C:\Program Files (x86)\Intel\Intel(R) Management Engine Components\IPT;C:\Program Files\Intel\Intel(R) Management Engine Components\IPT;C:\Program Files (x86)\NVIDIA Corporation\PhysX\Common;C:\Program Files\NVIDIA Corporation\NVIDIA NvDLISR;C:\Install Source\eclipse-jee-oxygen-3a-win32-x86_64\eclipse;C:\Program Files\nodejs\;C:\ProgramData\chocolatey\bin;C:\Program Files\Git\cmd;C:\spring\apache-maven-3.8.4\bin;C:\Program Files\Java\jdk1.8.0_202\bin\;C:\Program Files\Bandizip\;C:\Users\wonseok\AppData\Local\Microsoft\WindowsApps;C:\Users\wonseok\AppData\Local\Programs\Microsoft VS Code\bin;C:\Users\wonseok\AppData\Roaming\npm;C:\Users\wonseok\AppData\Local\GitHubDesktop\bin
USERNAME=wonseok
OS=Windows_NT
PROCESSOR_IDENTIFIER=Intel64 Family 6 Model 158 Stepping 9, GenuineIntel



---------------  S Y S T E M  ---------------

OS: Windows 10.0 , 64 bit Build 19041 (10.0.19041.1466)

CPU:total 8 (initial active 8) (4 cores per cpu, 2 threads per core) family 6 model 158 stepping 9, cmov, cx8, fxsr, mmx, sse, sse2, sse3, ssse3, sse4.1, sse4.2, popcnt, avx, avx2, aes, clmul, erms, 3dnowpref, lzcnt, ht, tsc, tscinvbit, bmi1, bmi2, adx

Memory: 4k page, physical 16625332k(4770096k free), swap 30264928k(6240k free)

vm_info: Java HotSpot(TM) 64-Bit Server VM (25.202-b08) for windows-amd64 JRE (1.8.0_202-b08), built on Dec 15 2018 19:54:30 by "java_re" with MS VC++ 10.0 (VS2010)

time: Thu Feb 10 09:51:16 2022
timezone: 대한민국 표준시
elapsed time: 8 seconds (0d 0h 0m 8s)

