#
# There is insufficient memory for the Java Runtime Environment to continue.
# Native memory allocation (malloc) failed to allocate 1048576 bytes for AllocateHeap
# Possible reasons:
#   The system is out of physical RAM or swap space
#   The process is running with CompressedOops enabled, and the Java Heap may be blocking the growth of the native heap
# Possible solutions:
#   Reduce memory load on the system
#   Increase physical memory or swap space
#   Check if swap backing store is full
#   Decrease Java heap size (-Xmx/-Xms)
#   Decrease number of Java threads
#   Decrease Java thread stack sizes (-Xss)
#   Set larger code cache with -XX:ReservedCodeCacheSize=
#   JVM is running with Zero Based Compressed Oops mode in which the Java heap is
#     placed in the first 32GB address space. The Java Heap base address is the
#     maximum limit for the native heap growth. Please use -XX:HeapBaseMinAddress
#     to set the Java Heap base and to place the Java Heap above 32GB virtual address.
# This output file may be truncated or incomplete.
#
#  Out of Memory Error (memory/allocation.inline.hpp:61), pid=2348, tid=0x0000000000000ef8
#
# JRE version:  (8.0_202-b08) (build )
# Java VM: Java HotSpot(TM) 64-Bit Server VM (25.202-b08 mixed mode windows-amd64 compressed oops)
# Failed to write core dump. Minidumps are not enabled by default on client versions of Windows
#

---------------  T H R E A D  ---------------

Current thread (0x0000000003319000):  JavaThread "Unknown thread" [_thread_in_vm, id=3832, stack(0x0000000003210000,0x0000000003310000)]

Stack: [0x0000000003210000,0x0000000003310000]
[error occurred during error reporting (printing stack bounds), id 0xc0000005]

Native frames: (J=compiled Java code, j=interpreted, Vv=VM code, C=native code)


---------------  P R O C E S S  ---------------

Java Threads: ( => current thread )

Other Threads:

=>0x0000000003319000 (exited) JavaThread "Unknown thread" [_thread_in_vm, id=3832, stack(0x0000000003210000,0x0000000003310000)]

VM state:not at safepoint (normal execution)

VM Mutex/Monitor currently owned by a thread: None

heap address: 0x00000006c2400000, size: 4060 MB, Compressed Oops mode: Zero based, Oop shift amount: 3
Narrow klass base: 0x0000000000000000, Narrow klass shift: 3
Compressed class space size: 1073741824 Address: 0x00000007c0000000

Heap:
 PSYoungGen      total 75776K, used 1300K [0x000000076b700000, 0x0000000770b80000, 0x00000007c0000000)
  eden space 65024K, 2% used [0x000000076b700000,0x000000076b8451f8,0x000000076f680000)
  from space 10752K, 0% used [0x0000000770100000,0x0000000770100000,0x0000000770b80000)
  to   space 10752K, 0% used [0x000000076f680000,0x000000076f680000,0x0000000770100000)
 ParOldGen       total 173568K, used 0K [0x00000006c2400000, 0x00000006ccd80000, 0x000000076b700000)
  object space 173568K, 0% used [0x00000006c2400000,0x00000006c2400000,0x00000006ccd80000)
 Metaspace       used 775K, capacity 4480K, committed 4480K, reserved 1056768K
  class space    used 76K, capacity 384K, committed 384K, reserved 1048576K

Card table byte_map: [0x00000000129b0000,0x00000000131a0000] byte_map_base: 0x000000000f39e000

Marking Bits: (ParMarkBitMap*) 0x000000005c2f5ce0
 Begin Bits: [0x0000000013ef0000, 0x0000000017e60000)
 End Bits:   [0x0000000017e60000, 0x000000001bdd0000)

Polling page: 0x0000000001570000

CodeCache: size=245760Kb used=328Kb max_used=328Kb free=245431Kb
 bounds [0x00000000035f0000, 0x0000000003860000, 0x00000000125f0000]
 total_blobs=58 nmethods=0 adapters=38
 compilation: enabled

Compilation events (0 events):
No events

GC Heap History (0 events):
No events

Deoptimization events (0 events):
No events

Classes redefined (0 events):
No events

Internal exceptions (0 events):
No events

Events (10 events):
Event: 0.031 loading class java/lang/Short
Event: 0.031 loading class java/lang/Short done
Event: 0.031 loading class java/lang/Integer
Event: 0.032 loading class java/lang/Integer done
Event: 0.032 loading class java/lang/Long
Event: 0.032 loading class java/lang/Long done
Event: 0.032 loading class java/lang/NullPointerException
Event: 0.032 loading class java/lang/NullPointerException done
Event: 0.032 loading class java/lang/ArithmeticException
Event: 0.032 loading class java/lang/ArithmeticException done


Dynamic libraries:
0x00007ff714550000 - 0x00007ff714587000 	C:\Program Files\Java\jdk1.8.0_202\bin\java.exe
0x00007ffa2a5b0000 - 0x00007ffa2a7a5000 	C:\WINDOWS\SYSTEM32\ntdll.dll
0x00007ffa29c00000 - 0x00007ffa29cbe000 	C:\WINDOWS\System32\KERNEL32.DLL
0x00007ffa27d20000 - 0x00007ffa27fe8000 	C:\WINDOWS\System32\KERNELBASE.dll
0x00007ffa28820000 - 0x00007ffa288ce000 	C:\WINDOWS\System32\ADVAPI32.dll
0x00007ffa293d0000 - 0x00007ffa2946e000 	C:\WINDOWS\System32\msvcrt.dll
0x00007ffa28720000 - 0x00007ffa287bc000 	C:\WINDOWS\System32\sechost.dll
0x00007ffa28a00000 - 0x00007ffa28b25000 	C:\WINDOWS\System32\RPCRT4.dll
0x00007ffa29470000 - 0x00007ffa29611000 	C:\WINDOWS\System32\USER32.dll
0x00007ffa28500000 - 0x00007ffa28522000 	C:\WINDOWS\System32\win32u.dll
0x00007ffa29cc0000 - 0x00007ffa29ceb000 	C:\WINDOWS\System32\GDI32.dll
0x00007ffa280a0000 - 0x00007ffa281ad000 	C:\WINDOWS\System32\gdi32full.dll
0x00007ffa28410000 - 0x00007ffa284ad000 	C:\WINDOWS\System32\msvcp_win.dll
0x00007ffa28310000 - 0x00007ffa28410000 	C:\WINDOWS\System32\ucrtbase.dll
0x00007ffa0cb40000 - 0x00007ffa0cdda000 	C:\WINDOWS\WinSxS\amd64_microsoft.windows.common-controls_6595b64144ccf1df_6.0.19041.1110_none_60b5254171f9507e\COMCTL32.dll
0x00007ffa293a0000 - 0x00007ffa293d0000 	C:\WINDOWS\System32\IMM32.DLL
0x000000005cba0000 - 0x000000005cc72000 	C:\Program Files\Java\jdk1.8.0_202\jre\bin\msvcr100.dll
0x000000005bad0000 - 0x000000005c375000 	C:\Program Files\Java\jdk1.8.0_202\jre\bin\server\jvm.dll
0x00007ffa285f0000 - 0x00007ffa285f8000 	C:\WINDOWS\System32\PSAPI.DLL
0x00007ffa0e400000 - 0x00007ffa0e409000 	C:\WINDOWS\SYSTEM32\WSOCK32.dll
0x00007ffa1bb60000 - 0x00007ffa1bb87000 	C:\WINDOWS\SYSTEM32\WINMM.dll
0x00007ffa20260000 - 0x00007ffa2026a000 	C:\WINDOWS\SYSTEM32\VERSION.dll
0x00007ffa28b30000 - 0x00007ffa28b9b000 	C:\WINDOWS\System32\WS2_32.dll
0x00007ffa06380000 - 0x00007ffa0638f000 	C:\Program Files\Java\jdk1.8.0_202\jre\bin\verify.dll
0x00007ff9f58c0000 - 0x00007ff9f58e9000 	C:\Program Files\Java\jdk1.8.0_202\jre\bin\java.dll
0x00007ff9ef4f0000 - 0x00007ff9ef513000 	C:\Program Files\Java\jdk1.8.0_202\jre\bin\instrument.dll
0x00007ffa014b0000 - 0x00007ffa014c6000 	C:\Program Files\Java\jdk1.8.0_202\jre\bin\zip.dll

VM Arguments:
jvm_args: -javaagent:C:\Program Files\JetBrains\IntelliJ IDEA Community Edition 2021.3.1\lib\idea_rt.jar=61607:C:\Program Files\JetBrains\IntelliJ IDEA Community Edition 2021.3.1\bin -Dfile.encoding=UTF-8 
java_command: com.example.project2.Project2Application
java_class_path (initial): C:\Program Files\Java\jdk1.8.0_202\jre\lib\charsets.jar;C:\Program Files\Java\jdk1.8.0_202\jre\lib\deploy.jar;C:\Program Files\Java\jdk1.8.0_202\jre\lib\ext\access-bridge-64.jar;C:\Program Files\Java\jdk1.8.0_202\jre\lib\ext\cldrdata.jar;C:\Program Files\Java\jdk1.8.0_202\jre\lib\ext\dnsns.jar;C:\Program Files\Java\jdk1.8.0_202\jre\lib\ext\jaccess.jar;C:\Program Files\Java\jdk1.8.0_202\jre\lib\ext\jfxrt.jar;C:\Program Files\Java\jdk1.8.0_202\jre\lib\ext\localedata.jar;C:\Program Files\Java\jdk1.8.0_202\jre\lib\ext\nashorn.jar;C:\Program Files\Java\jdk1.8.0_202\jre\lib\ext\sunec.jar;C:\Program Files\Java\jdk1.8.0_202\jre\lib\ext\sunjce_provider.jar;C:\Program Files\Java\jdk1.8.0_202\jre\lib\ext\sunmscapi.jar;C:\Program Files\Java\jdk1.8.0_202\jre\lib\ext\sunpkcs11.jar;C:\Program Files\Java\jdk1.8.0_202\jre\lib\ext\zipfs.jar;C:\Program Files\Java\jdk1.8.0_202\jre\lib\javaws.jar;C:\Program Files\Java\jdk1.8.0_202\jre\lib\jce.jar;C:\Program Files\Java\jdk1.8.0_202\jre\lib\jfr.jar;C:\Program Files\Java\jdk1.8.0_202\jre\lib\jfxswt.jar;C:\Program Files\Java\jdk1.8.0_202\jre\lib\jsse.jar;C:\Program Files\Java\jdk1.8.0_202\jre\lib\management-agent.jar;C:\Program Files\Java\jdk1.8.0_202\jre\lib\plugin.jar;C:\Program Files\Java\jdk1.8.0_202\jre\lib\resources.jar;C:\Program Files\Java\jdk1.8.0_202\jre\lib\rt.jar;D:\바탕화면\2차 프로젝트 수정중\project2 (02.09)\project2\out\production\classes;D:\바탕화면\2차 프로젝트 수정중\project2 (02.09)\project2\out\production\resources;C:\Users\wonseok\.gradle\caches\modules-2\files-2.1\org.springframework.boot\spring-boot-starter-data-jpa\2.6.2\3eb637ccd03194f1d639b9efed1ff7d73c8592e3\spring-boot-starter-data-jpa-2.6.2.jar;C:\Users\wonseok\.gradle\caches\modules-2\files-2.1\org.springframework.boot\spring-boot-starter-thymeleaf\2.6.2\fa6c963c2537e5c1c0ed84dd9528062dba30e1a\spring-boot-starter-thymeleaf-2.6.2.jar;C:\Users\wonseok\.gradle\caches\modules-2\files-2.1\org.springframework.boot\spring-boot-starter-val
Launcher Type: SUN_STANDARD

Environment Variables:
JAVA_HOME=C:\Program Files\Java\jdk1.8.0_202
PATH=C:\Program Files\Common Files\Oracle\Java\javapath;C:\oraclexe\app\oracle\product\11.2.0\server\bin;;C:\Program Files (x86)\Common Files\Oracle\Java\javapath;C:\oraclexe\app\oracle\product\11.2.0\server\bin;C:\Program Files (x86)\Intel\iCLS Client\;C:\Program Files\Intel\iCLS Client\;C:\WINDOWS\system32;C:\WINDOWS;C:\WINDOWS\System32\Wbem;C:\WINDOWS\System32\WindowsPowerShell\v1.0\;C:\WINDOWS\System32\OpenSSH\;C:\Program Files (x86)\Intel\Intel(R) Management Engine Components\DAL;C:\Program Files\Intel\Intel(R) Management Engine Components\DAL;C:\Program Files (x86)\Intel\Intel(R) Management Engine Components\IPT;C:\Program Files\Intel\Intel(R) Management Engine Components\IPT;C:\Program Files (x86)\NVIDIA Corporation\PhysX\Common;C:\Program Files\NVIDIA Corporation\NVIDIA NvDLISR;C:\Install Source\eclipse-jee-oxygen-3a-win32-x86_64\eclipse;C:\Program Files\nodejs\;C:\ProgramData\chocolatey\bin;C:\Program Files\Git\cmd;C:\spring\apache-maven-3.8.4\bin;C:\Program Files\Java\jdk1.8.0_202\bin\;C:\Program Files\Bandizip\;C:\Users\wonseok\AppData\Local\Microsoft\WindowsApps;C:\Users\wonseok\AppData\Local\Programs\Microsoft VS Code\bin;C:\Users\wonseok\AppData\Roaming\npm;C:\Users\wonseok\AppData\Local\GitHubDesktop\bin
USERNAME=wonseok
OS=Windows_NT
PROCESSOR_IDENTIFIER=Intel64 Family 6 Model 158 Stepping 9, GenuineIntel



---------------  S Y S T E M  ---------------

OS: Windows 10.0 , 64 bit Build 19041 (10.0.19041.1466)

CPU:total 8 (initial active 8) (4 cores per cpu, 2 threads per core) family 6 model 158 stepping 9, cmov, cx8, fxsr, mmx, sse, sse2, sse3, ssse3, sse4.1, sse4.2, popcnt, avx, avx2, aes, clmul, erms, 3dnowpref, lzcnt, ht, tsc, tscinvbit, bmi1, bmi2, adx

Memory: 4k page, physical 16625332k(4997136k free), swap 30264928k(4508k free)

vm_info: Java HotSpot(TM) 64-Bit Server VM (25.202-b08) for windows-amd64 JRE (1.8.0_202-b08), built on Dec 15 2018 19:54:30 by "java_re" with MS VC++ 10.0 (VS2010)

time: Thu Feb 10 09:50:53 2022
timezone: 대한민국 표준시
elapsed time: 0 seconds (0d 0h 0m 0s)

